<?xml version="1.0" encoding="UTF-8"?>
<!-- Generated by org.testng.reporters.JUnitReportReporter -->
<testsuite skipped="0" hostname="tolga-guducu" name="com.trendyol.hooks.runner" tests="1" failures="0" timestamp="2022-05-05T20:39:29 EET" time="44.790" errors="0">
  <testcase name="runScenario" time="44.790" classname="com.trendyol.hooks.runner"/>
  <system-out/>
</testsuite> <!-- com.trendyol.hooks.runner -->
